<?xml version="1.0" encoding="UTF-8"?>
<!-- Generated by org.testng.reporters.JUnitReportReporter -->
<testsuite hostname="HpOmen15" failures="0" tests="4" name="Awesomecucus.Runners.TestNGRunnerTest" time="0.219" errors="0" timestamp="2023-06-05T13:10:59 IST" skipped="0">
  <testcase classname="Awesomecucus.Runners.TestNGRunnerTest" name="runScenario" time="0.185"/>
  <system-out/>
  <testcase classname="Awesomecucus.Runners.TestNGRunnerTest" name="runScenario" time="0.012"/>
  <system-out/>
  <testcase classname="Awesomecucus.Runners.TestNGRunnerTest" name="runScenario" time="0.010"/>
  <system-out/>
  <testcase classname="Awesomecucus.Runners.TestNGRunnerTest" name="runScenario" time="0.012"/>
  <system-out/>
</testsuite> <!-- Awesomecucus.Runners.TestNGRunnerTest -->
